#
# There is insufficient memory for the Java Runtime Environment to continue.
# Native memory allocation (malloc) failed to allocate 32744 bytes for ChunkPool::allocate
# Possible reasons:
#   The system is out of physical RAM or swap space
#   The process is running with CompressedOops enabled, and the Java Heap may be blocking the growth of the native heap
# Possible solutions:
#   Reduce memory load on the system
#   Increase physical memory or swap space
#   Check if swap backing store is full
#   Decrease Java heap size (-Xmx/-Xms)
#   Decrease number of Java threads
#   Decrease Java thread stack sizes (-Xss)
#   Set larger code cache with -XX:ReservedCodeCacheSize=
#   JVM is running with Zero Based Compressed Oops mode in which the Java heap is
#     placed in the first 32GB address space. The Java Heap base address is the
#     maximum limit for the native heap growth. Please use -XX:HeapBaseMinAddress
#     to set the Java Heap base and to place the Java Heap above 32GB virtual address.
# This output file may be truncated or incomplete.
#
#  Out of Memory Error (allocation.cpp:272), pid=26880, tid=0x00000000000088b8
#
# JRE version: Java(TM) SE Runtime Environment (8.0_411) (build 1.8.0_411-b09)
# Java VM: Java HotSpot(TM) 64-Bit Server VM (25.411-b09 mixed mode windows-amd64 compressed oops)
# Failed to write core dump. Minidumps are not enabled by default on client versions of Windows
#

---------------  T H R E A D  ---------------

Current thread (0x0000018bf83c5800):  JavaThread "C1 CompilerThread9" daemon [_thread_in_vm, id=35000, stack(0x0000008815200000,0x0000008815300000)]

Stack: [0x0000008815200000,0x0000008815300000]
Native frames: (J=compiled Java code, j=interpreted, Vv=VM code, C=native code)
V  [jvm.dll+0x3540d9]


Current CompileTask:
C1:    203  261       3       java.util.Arrays$ArrayList::size (6 bytes)


---------------  P R O C E S S  ---------------

Java Threads: ( => current thread )
  0x0000018bf8419000 JavaThread "Service Thread" daemon [_thread_blocked, id=21012, stack(0x0000008815500000,0x0000008815600000)]
  0x0000018bf83c2800 JavaThread "C1 CompilerThread11" daemon [_thread_in_vm, id=7820, stack(0x0000008815400000,0x0000008815500000)]
  0x0000018bf83c9000 JavaThread "C1 CompilerThread10" daemon [_thread_in_vm, id=35700, stack(0x0000008815300000,0x0000008815400000)]
=>0x0000018bf83c5800 JavaThread "C1 CompilerThread9" daemon [_thread_in_vm, id=35000, stack(0x0000008815200000,0x0000008815300000)]
  0x0000018bf83c8800 JavaThread "C1 CompilerThread8" daemon [_thread_blocked, id=30604, stack(0x0000008815100000,0x0000008815200000)]
  0x0000018bf83c1800 JavaThread "C2 CompilerThread7" daemon [_thread_blocked, id=32064, stack(0x0000008815000000,0x0000008815100000)]
  0x0000018bf83bd000 JavaThread "C2 CompilerThread6" daemon [_thread_blocked, id=27212, stack(0x0000008814f00000,0x0000008815000000)]
  0x0000018bf83ba000 JavaThread "C2 CompilerThread5" daemon [_thread_blocked, id=23996, stack(0x0000008814e00000,0x0000008814f00000)]
  0x0000018bf83b4800 JavaThread "C2 CompilerThread4" daemon [_thread_blocked, id=23860, stack(0x0000008814d00000,0x0000008814e00000)]
  0x0000018bf83b2800 JavaThread "C2 CompilerThread3" daemon [_thread_blocked, id=23832, stack(0x0000008814c00000,0x0000008814d00000)]
  0x0000018bf83b2000 JavaThread "C2 CompilerThread2" daemon [_thread_in_vm, id=11924, stack(0x0000008814b00000,0x0000008814c00000)]
  0x0000018bf83b1000 JavaThread "C2 CompilerThread1" daemon [_thread_in_native, id=3372, stack(0x0000008814a00000,0x0000008814b00000)]
  0x0000018bf83ab000 JavaThread "C2 CompilerThread0" daemon [_thread_blocked, id=10708, stack(0x0000008814900000,0x0000008814a00000)]
  0x0000018bf8321000 JavaThread "Monitor Ctrl-Break" daemon [_thread_in_native, id=30136, stack(0x0000008814800000,0x0000008814900000)]
  0x0000018bf82c2000 JavaThread "Attach Listener" daemon [_thread_in_native, id=28652, stack(0x0000008814700000,0x0000008814800000)]
  0x0000018bf82bf800 JavaThread "Signal Dispatcher" daemon [_thread_blocked, id=20692, stack(0x0000008814600000,0x0000008814700000)]
  0x0000018bf653b800 JavaThread "Finalizer" daemon [_thread_blocked, id=34280, stack(0x0000008814500000,0x0000008814600000)]
  0x0000018bf8242000 JavaThread "Reference Handler" daemon [_thread_blocked, id=12500, stack(0x0000008814400000,0x0000008814500000)]
  0x0000018be1fe7000 JavaThread "main" [_thread_in_Java, id=28584, stack(0x0000008813500000,0x0000008813600000)]

Other Threads:
  0x0000018bf6534800 VMThread [stack: 0x0000008814300000,0x0000008814400000] [id=37180]
  0x0000018bf854f000 WatcherThread [stack: 0x0000008815600000,0x0000008815700000] [id=34232]

VM state:not at safepoint (normal execution)

VM Mutex/Monitor currently owned by a thread: None

heap address: 0x00000005c5a00000, size: 8102 MB, Compressed Oops mode: Zero based, Oop shift amount: 3
Narrow klass base: 0x0000000000000000, Narrow klass shift: 3
Compressed class space size: 1073741824 Address: 0x00000007c0000000

Heap:
 PSYoungGen      total 151552K, used 23427K [0x0000000717380000, 0x0000000721c80000, 0x00000007c0000000)
  eden space 130048K, 18% used [0x0000000717380000,0x0000000718a60c90,0x000000071f280000)
  from space 21504K, 0% used [0x0000000720780000,0x0000000720780000,0x0000000721c80000)
  to   space 21504K, 0% used [0x000000071f280000,0x000000071f280000,0x0000000720780000)
 ParOldGen       total 347136K, used 0K [0x00000005c5a00000, 0x00000005dad00000, 0x0000000717380000)
  object space 347136K, 0% used [0x00000005c5a00000,0x00000005c5a00000,0x00000005dad00000)
 Metaspace       used 5792K, capacity 6000K, committed 6144K, reserved 1056768K
  class space    used 612K, capacity 675K, committed 768K, reserved 1048576K

Card table byte_map: [0x0000018bf2e00000,0x0000018bf3de0000] byte_map_base: 0x0000018beffd3000

Marking Bits: (ParMarkBitMap*) 0x00007ffe895e70d0
 Begin Bits: [0x0000018b80000000, 0x0000018b87e98000)
 End Bits:   [0x0000018b87e98000, 0x0000018b8fd30000)

Polling page: 0x0000018be1f70000

CodeCache: size=245760Kb used=3460Kb max_used=3460Kb free=242299Kb
 bounds [0x0000018be3a40000, 0x0000018be3db0000, 0x0000018bf2a40000]
 total_blobs=607 nmethods=294 adapters=223
 compilation: enabled

Compilation events (10 events):
Event: 0.199 Thread 0x0000018bf83c9000  257       3       java.lang.String::indexOf (7 bytes)
Event: 0.199 Thread 0x0000018bf83c5800 nmethod 255 0x0000018be3d7c610 code [0x0000018be3d7c7e0, 0x0000018be3d7ce00]
Event: 0.199 Thread 0x0000018bf83c9000 nmethod 257 0x0000018be3d7d0d0 code [0x0000018be3d7d240, 0x0000018be3d7d4d0]
Event: 0.199 Thread 0x0000018bf83c8800  258       1       java.lang.StringCoding$StringDecoder::requestedCharsetName (5 bytes)
Event: 0.199 Thread 0x0000018bf83c8800 nmethod 258 0x0000018be3d7d7d0 code [0x0000018be3d7d920, 0x0000018be3d7da38]
Event: 0.199 Thread 0x0000018bf83c8800  260       3       java.lang.invoke.LambdaForm::argument (27 bytes)
Event: 0.199 Thread 0x0000018bf83c5800  261       3       java.util.Arrays$ArrayList::size (6 bytes)
Event: 0.199 Thread 0x0000018bf83c8800 nmethod 260 0x0000018be3d7da90 code [0x0000018be3d7dc20, 0x0000018be3d7dfb0]
Event: 0.199 Thread 0x0000018bf83c9000  262       3       java.lang.ThreadLocal::get (38 bytes)
Event: 0.199 Thread 0x0000018bf83c8800  265       3       java.util.jar.Manifest$FastInputStream::readLine (167 bytes)

GC Heap History (0 events):
No events

Deoptimization events (0 events):
No events

Classes redefined (1 events):
Event: 0.133 Thread 0x0000018bf6534800 redefined class name=java.lang.Throwable, count=1

Internal exceptions (4 events):
Event: 0.022 Thread 0x0000018be1fe7000 Exception <a 'java/lang/NoSuchMethodError': Method sun.misc.Unsafe.defineClass(Ljava/lang/String;[BII)Ljava/lang/Class; name or signature does not match> (0x0000000717387ce0) thrown at [C:\jenkins\workspace\8-2-build-windows-x64-cygwin-sans-NAS\jdk8u411\8
Event: 0.022 Thread 0x0000018be1fe7000 Exception <a 'java/lang/NoSuchMethodError': Method sun.misc.Unsafe.prefetchRead(Ljava/lang/Object;J)V name or signature does not match> (0x0000000717387fc8) thrown at [C:\jenkins\workspace\8-2-build-windows-x64-cygwin-sans-NAS\jdk8u411\893\hotspot\src\sha
Event: 0.157 Thread 0x0000018be1fe7000 Exception <a 'java/security/PrivilegedActionException'> (0x0000000717a44458) thrown at [C:\jenkins\workspace\8-2-build-windows-x64-cygwin-sans-NAS\jdk8u411\893\hotspot\src\share\vm\prims\jvm.cpp, line 1513]
Event: 0.157 Thread 0x0000018be1fe7000 Exception <a 'java/security/PrivilegedActionException'> (0x0000000717a44870) thrown at [C:\jenkins\workspace\8-2-build-windows-x64-cygwin-sans-NAS\jdk8u411\893\hotspot\src\share\vm\prims\jvm.cpp, line 1513]

Events (10 events):
Event: 0.198 loading class java/lang/Package$1
Event: 0.198 loading class java/lang/Package$1 done
Event: 0.198 loading class java/util/jar/JarInputStream
Event: 0.198 loading class java/util/zip/ZipInputStream
Event: 0.198 loading class java/util/zip/ZipInputStream done
Event: 0.198 loading class java/util/jar/JarInputStream done
Event: 0.198 loading class java/io/PushbackInputStream
Event: 0.199 loading class java/io/PushbackInputStream done
Event: 0.199 loading class java/util/zip/ZipUtils
Event: 0.199 loading class java/util/zip/ZipUtils done


Dynamic libraries:
0x00007ff7e0fb0000 - 0x00007ff7e0ffa000 	D:\Java\jdk8\bin\java.exe
0x00007fff2b6b0000 - 0x00007fff2b8c7000 	C:\WINDOWS\SYSTEM32\ntdll.dll
0x00007fff29fe0000 - 0x00007fff2a0a4000 	C:\WINDOWS\System32\KERNEL32.DLL
0x00007fff28960000 - 0x00007fff28d30000 	C:\WINDOWS\System32\KERNELBASE.dll
0x00007fff29660000 - 0x00007fff29711000 	C:\WINDOWS\System32\ADVAPI32.dll
0x00007fff29cd0000 - 0x00007fff29d77000 	C:\WINDOWS\System32\msvcrt.dll
0x00007fff295b0000 - 0x00007fff29657000 	C:\WINDOWS\System32\sechost.dll
0x00007fff29370000 - 0x00007fff29398000 	C:\WINDOWS\System32\bcrypt.dll
0x00007fff2ac40000 - 0x00007fff2ad54000 	C:\WINDOWS\System32\RPCRT4.dll
0x00007fff293f0000 - 0x00007fff2959e000 	C:\WINDOWS\System32\USER32.dll
0x00007fff28f10000 - 0x00007fff28f36000 	C:\WINDOWS\System32\win32u.dll
0x00007fff2b230000 - 0x00007fff2b259000 	C:\WINDOWS\System32\GDI32.dll
0x00007fff28f40000 - 0x00007fff2905b000 	C:\WINDOWS\System32\gdi32full.dll
0x00007fff29060000 - 0x00007fff290fa000 	C:\WINDOWS\System32\msvcp_win.dll
0x00007fff28df0000 - 0x00007fff28f01000 	C:\WINDOWS\System32\ucrtbase.dll
0x00007fff15d60000 - 0x00007fff15ff2000 	C:\WINDOWS\WinSxS\amd64_microsoft.windows.common-controls_6595b64144ccf1df_6.0.22621.4830_none_270fe7d773858e80\COMCTL32.dll
0x00007fff2b070000 - 0x00007fff2b0a1000 	C:\WINDOWS\System32\IMM32.DLL
0x00007fff06040000 - 0x00007fff0605b000 	D:\Java\jdk8\jre\bin\vcruntime140.dll
0x00007fff068a0000 - 0x00007fff068ac000 	D:\Java\jdk8\jre\bin\vcruntime140_1.dll
0x00007ffefc410000 - 0x00007ffefc49e000 	D:\Java\jdk8\jre\bin\msvcp140.dll
0x00007ffe88db0000 - 0x00007ffe89661000 	D:\Java\jdk8\jre\bin\server\jvm.dll
0x00007fff29720000 - 0x00007fff29728000 	C:\WINDOWS\System32\PSAPI.DLL
0x00007fff16390000 - 0x00007fff16399000 	C:\WINDOWS\SYSTEM32\WSOCK32.dll
0x00007fff29740000 - 0x00007fff297b1000 	C:\WINDOWS\System32\WS2_32.dll
0x00007fff1d990000 - 0x00007fff1d99a000 	C:\WINDOWS\SYSTEM32\VERSION.dll
0x00007fff24a90000 - 0x00007fff24ac4000 	C:\WINDOWS\SYSTEM32\WINMM.dll
0x00007fff279a0000 - 0x00007fff279b8000 	C:\WINDOWS\SYSTEM32\kernel.appcore.dll
0x00007fff066d0000 - 0x00007fff066e0000 	D:\Java\jdk8\jre\bin\verify.dll
0x00007fff01060000 - 0x00007fff0108b000 	D:\Java\jdk8\jre\bin\java.dll
0x00007ffefc3d0000 - 0x00007ffefc404000 	D:\Java\jdk8\jre\bin\instrument.dll
0x00007fff05600000 - 0x00007fff05618000 	D:\Java\jdk8\jre\bin\zip.dll
0x00007fff2a110000 - 0x00007fff2a988000 	C:\WINDOWS\System32\SHELL32.dll
0x00007fff268b0000 - 0x00007fff271c0000 	C:\WINDOWS\SYSTEM32\windows.storage.dll
0x00007fff2b260000 - 0x00007fff2b5f0000 	C:\WINDOWS\System32\combase.dll
0x00007fff26770000 - 0x00007fff268af000 	C:\WINDOWS\SYSTEM32\wintypes.dll
0x00007fff2b120000 - 0x00007fff2b22a000 	C:\WINDOWS\System32\SHCORE.dll
0x00007fff2a0b0000 - 0x00007fff2a10e000 	C:\WINDOWS\System32\shlwapi.dll
0x00007fff28890000 - 0x00007fff288bb000 	C:\WINDOWS\SYSTEM32\profapi.dll
0x00007fff055d0000 - 0x00007fff055ea000 	D:\dev\Jetbrains\IntelliJ IDEA 2024.3\bin\breakgen64.dll
0x00007fff028c0000 - 0x00007fff028dc000 	D:\Java\jdk8\jre\bin\net.dll
0x00007fff27e20000 - 0x00007fff27e8a000 	C:\WINDOWS\system32\mswsock.dll
0x00007fff29100000 - 0x00007fff2917b000 	C:\WINDOWS\System32\bcryptPrimitives.dll

VM Arguments:
jvm_args: -ea -Didea.test.cyclic.buffer.size=1048576 -javaagent:D:\dev\Jetbrains\IntelliJ IDEA 2024.3\lib\idea_rt.jar=60667:D:\dev\Jetbrains\IntelliJ IDEA 2024.3\bin -javaagent:C:\Users\21930\AppData\Local\JetBrains\IntelliJIdea2024.3\captureAgent\debugger-agent.jar -Dkotlinx.coroutines.debug.enable.creation.stack.trace=false -Ddebugger.agent.enable.coroutines=true -Dkotlinx.coroutines.debug.enable.flows.stack.trace=true -Dkotlinx.coroutines.debug.enable.mutable.state.flows.stack.trace=true -Dfile.encoding=UTF-8 
java_command: com.intellij.rt.junit.JUnitStarter -ideVersion5 -junit5 TestOne,test1
java_class_path (initial): C:\Users\21930\.m2\repository\org\junit\platform\junit-platform-launcher\1.5.2\junit-platform-launcher-1.5.2.jar;C:\Users\21930\.m2\repository\org\apiguardian\apiguardian-api\1.1.0\apiguardian-api-1.1.0.jar;C:\Users\21930\.m2\repository\org\junit\platform\junit-platform-engine\1.5.2\junit-platform-engine-1.5.2.jar;C:\Users\21930\.m2\repository\org\opentest4j\opentest4j\1.2.0\opentest4j-1.2.0.jar;C:\Users\21930\.m2\repository\org\junit\platform\junit-platform-commons\1.5.2\junit-platform-commons-1.5.2.jar;D:\dev\Jetbrains\IntelliJ IDEA 2024.3\lib\idea_rt.jar;D:\dev\Jetbrains\IntelliJ IDEA 2024.3\plugins\junit\lib\junit5-rt.jar;D:\dev\Jetbrains\IntelliJ IDEA 2024.3\plugins\junit\lib\junit-rt.jar;D:\Java\jdk8\jre\lib\charsets.jar;D:\Java\jdk8\jre\lib\deploy.jar;D:\Java\jdk8\jre\lib\ext\access-bridge-64.jar;D:\Java\jdk8\jre\lib\ext\cldrdata.jar;D:\Java\jdk8\jre\lib\ext\dnsns.jar;D:\Java\jdk8\jre\lib\ext\jaccess.jar;D:\Java\jdk8\jre\lib\ext\jfxrt.jar;D:\Java\jdk8\jre\lib\ext\localedata.jar;D:\Java\jdk8\jre\lib\ext\nashorn.jar;D:\Java\jdk8\jre\lib\ext\sunec.jar;D:\Java\jdk8\jre\lib\ext\sunjce_provider.jar;D:\Java\jdk8\jre\lib\ext\sunmscapi.jar;D:\Java\jdk8\jre\lib\ext\sunpkcs11.jar;D:\Java\jdk8\jre\lib\ext\zipfs.jar;D:\Java\jdk8\jre\lib\javaws.jar;D:\Java\jdk8\jre\lib\jce.jar;D:\Java\jdk8\jre\lib\jfr.jar;D:\Java\jdk8\jre\lib\jfxswt.jar;D:\Java\jdk8\jre\lib\jsse.jar;D:\Java\jdk8\jre\lib\management-agent.jar;D:\Java\jdk8\jre\lib\plugin.jar;D:\Java\jdk8\jre\lib\resources.jar;D:\Java\jdk8\jre\lib\rt.jar;D:\桌面\bs\项目\xiaoyuanzichan\target\test-classes;D:\桌面\bs\项目\xiaoyuanzichan\target\classes;E:\maven-warehouse\org\springframework\boot\spring-boot-starter-web\2.2.2.RELEASE\spring-boot-starter-web-2.2.2.RELEASE.jar;E:\maven-warehouse\org\springframework\boot\spring-boot-starter\2.2.2.RELEASE\spring-boot-starter-2.2.2.RELEASE.jar;E:\maven-warehouse\org\springframework\boot\spring-boot-starter-logging\2.2.2.RELEASE\spring-boot-starter-logging-2
Launcher Type: SUN_STANDARD

Environment Variables:
JAVA_HOME=D:\Java\jdk17
CLASSPATH=.;D:\dev\apache-tomcat-10.0.12\lib\servlet-api.jar
PATH=D:\Java\jdk17\bin;C:\Windows\System32;D:\dev\apache-tomcat-9.0.100\bin;C:\Program Files\Common Files\Oracle\Java\javapath;C:\Program Files (x86)\Common Files\Oracle\Java\java8path;C:\Program Files (x86)\Common Files\Oracle\Java\javapath;D:\VMware\bin\;C:\WINDOWS\system32;C:\WINDOWS;C:\WINDOWS\System32\Wbem;C:\WINDOWS\System32\WindowsPowerShell\v1.0\;C:\WINDOWS\System32\OpenSSH\;D:\TDM-GCC-64\bin;E:\dev\luarocks;E:\dev\Lua-5.4.2;C:\Program Files\dotnet\;D:\qq\Bin;D:\TIM\Bin;D:\xshell\;D:\xftp\;D:\vs\Microsoft VS Code;D:\WeChat;D:\develop\nvm\nvm;C:\Program Files\nodejs;D:\dev\Git\cmd;D:\dev\mysql-8.0.37-winx64\bin;D:\dev\Sublime Text;D:\dev\apache-maven-3.8.8\bin;E:\dev\微信web开发者工具\dll;D:\dev\groovy-4.0.23\bin;D:\dev\gradle-8.5\bin;D:\dev\npm-installed;D:\dev\npm-installed\node_modules;%HADOOP_HOME%\bin;D:\scala-2.13.16\bin;D:\dev\apache-tomcat-9.0.100\bin;D:\python\Scripts\;D:\python\;C:\Users\21930\AppData\Local\Programs\Python\Python310\Scripts\;C:\Users\21930\AppData\Local\Programs\Python\Python310\;C:\Users\21930\AppData\Local\Microsoft\WindowsApps;D:\vs\Microsoft VS Code\bin;D:\dev\Jetbrains\PyCharm 2024.3.4\bin;;D:\dev\Jetbrains\IntelliJ IDEA 2024.3\bin;;C:\Users\21930\AppData\Local\Programs\Microsoft VS Code\bin;C:\Users\21930\AppData\Roaming\npm;D:\develop\nvm\nvm;C:\Program Files\nodejs;D:\dev\Jetbrains\GoLand 2024.3\bin;;D:\dev\Jetbrains\CLion 2024.3\bin;;D:\dev\Jetbrains\WebStorm 2024.3\bin;
USERNAME=21930
OS=Windows_NT
PROCESSOR_IDENTIFIER=Intel64 Family 6 Model 186 Stepping 2, GenuineIntel



---------------  S Y S T E M  ---------------

OS: Windows 11 , 64 bit Build 22621 (10.0.22621.4830)

CPU:total 16 (initial active 16) (8 cores per cpu, 2 threads per core) family 6 model 186 stepping 2, cmov, cx8, fxsr, mmx, sse, sse2, sse3, ssse3, sse4.1, sse4.2, popcnt, avx, avx2, aes, clmul, erms, 3dnowpref, lzcnt, ht, tsc, tscinvbit, bmi1, bmi2, adx

Memory: 4k page, physical 33177920k(11580568k free), swap 35275072k(3044k free)

vm_info: Java HotSpot(TM) 64-Bit Server VM (25.411-b09) for windows-amd64 JRE (1.8.0_411-b09), built on Mar 13 2024 07:26:13 by "java_re" with MS VC++ 17.1 (VS2022)

time: Thu Mar  6 20:47:11 2025
timezone: Intel64 Family 6 Model 186 Stepping 2, GenuineIntel
elapsed time: 0.206417 seconds (0d 0h 0m 0s)

